[  3633.146] 
X.Org X Server 1.20.4
X Protocol Version 11, Revision 0
[  3633.146] Build Operating System: Linux 4.9.0-8-amd64 i686 Debian
[  3633.146] Current Operating System: Linux debian 4.19.0-9-686-pae #1 SMP Debian 4.19.118-2+deb10u1 (2020-06-07) i686
[  3633.146] Kernel command line: BOOT_IMAGE=/boot/vmlinuz-4.19.0-9-686-pae root=UUID=005c6198-da51-43cf-ac87-31d43e736b9f ro quiet
[  3633.146] Build Date: 05 March 2019  08:11:12PM
[  3633.146] xorg-server 2:1.20.4-1 (https://www.debian.org/support) 
[  3633.146] Current version of pixman: 0.36.0
[  3633.146] 	Before reporting problems, check http://wiki.x.org
	to make sure that you have the latest version.
[  3633.146] Markers: (--) probed, (**) from config file, (==) default setting,
	(++) from command line, (!!) notice, (II) informational,
	(WW) warning, (EE) error, (NI) not implemented, (??) unknown.
[  3633.147] (==) Log file: "/home/alex/.local/share/xorg/Xorg.1.log", Time: Wed Jun 10 14:00:27 2020
[  3633.147] (==) Using system config directory "/usr/share/X11/xorg.conf.d"
[  3633.147] (==) No Layout section.  Using the first Screen section.
[  3633.147] (==) No screen section available. Using defaults.
[  3633.147] (**) |-->Screen "Default Screen Section" (0)
[  3633.147] (**) |   |-->Monitor "<default monitor>"
[  3633.148] (==) No monitor specified for screen "Default Screen Section".
	Using a default monitor configuration.
[  3633.148] (==) Automatically adding devices
[  3633.148] (==) Automatically enabling devices
[  3633.148] (==) Automatically adding GPU devices
[  3633.148] (==) Max clients allowed: 256, resource mask: 0x1fffff
[  3633.148] (WW) The directory "/usr/share/fonts/X11/cyrillic" does not exist.
[  3633.148] 	Entry deleted from font path.
[  3633.148] (==) FontPath set to:
	/usr/share/fonts/X11/misc,
	/usr/share/fonts/X11/100dpi/:unscaled,
	/usr/share/fonts/X11/75dpi/:unscaled,
	/usr/share/fonts/X11/Type1,
	/usr/share/fonts/X11/100dpi,
	/usr/share/fonts/X11/75dpi,
	built-ins
[  3633.148] (==) ModulePath set to "/usr/lib/xorg/modules"
[  3633.148] (II) The server relies on udev to provide the list of input devices.
	If no devices become available, reconfigure udev or disable AutoAddDevices.
[  3633.148] (II) Loader magic: 0x680740
[  3633.148] (II) Module ABI versions:
[  3633.148] 	X.Org ANSI C Emulation: 0.4
[  3633.148] 	X.Org Video Driver: 24.0
[  3633.148] 	X.Org XInput driver : 24.1
[  3633.148] 	X.Org Server Extension : 10.0
[  3633.149] (++) using VT number 1

[  3633.152] (II) systemd-logind: took control of session /org/freedesktop/login1/session/_318
[  3633.153] (II) xfree86: Adding drm device (/dev/dri/card0)
[  3633.154] (II) systemd-logind: got fd for /dev/dri/card0 226:0 fd 11 paused 0
[  3633.158] (--) PCI:*(1@0:0:0) 10de:0392:1043:822e rev 161, Mem @ 0xfa000000/16777216, 0xc0000000/536870912, 0xfb000000/16777216, I/O @ 0x0000bf00/128, BIOS @ 0x????????/131072
[  3633.158] (II) LoadModule: "glx"
[  3633.158] (II) Loading /usr/lib/xorg/modules/extensions/libglx.so
[  3633.159] (II) Module glx: vendor="X.Org Foundation"
[  3633.159] 	compiled for 1.20.4, module version = 1.0.0
[  3633.159] 	ABI class: X.Org Server Extension, version 10.0
[  3633.288] (==) Matched nouveau as autoconfigured driver 0
[  3633.288] (==) Matched nv as autoconfigured driver 1
[  3633.288] (==) Matched modesetting as autoconfigured driver 2
[  3633.288] (==) Matched fbdev as autoconfigured driver 3
[  3633.288] (==) Matched vesa as autoconfigured driver 4
[  3633.288] (==) Assigned the driver to the xf86ConfigLayout
[  3633.288] (II) LoadModule: "nouveau"
[  3633.288] (II) Loading /usr/lib/xorg/modules/drivers/nouveau_drv.so
[  3633.289] (II) Module nouveau: vendor="X.Org Foundation"
[  3633.289] 	compiled for 1.20.3, module version = 1.0.16
[  3633.289] 	Module class: X.Org Video Driver
[  3633.289] 	ABI class: X.Org Video Driver, version 24.0
[  3633.289] (II) LoadModule: "nv"
[  3633.289] (WW) Warning, couldn't open module nv
[  3633.289] (EE) Failed to load module "nv" (module does not exist, 0)
[  3633.289] (II) LoadModule: "modesetting"
[  3633.290] (II) Loading /usr/lib/xorg/modules/drivers/modesetting_drv.so
[  3633.290] (II) Module modesetting: vendor="X.Org Foundation"
[  3633.290] 	compiled for 1.20.4, module version = 1.20.4
[  3633.290] 	Module class: X.Org Video Driver
[  3633.290] 	ABI class: X.Org Video Driver, version 24.0
[  3633.290] (II) LoadModule: "fbdev"
[  3633.290] (II) Loading /usr/lib/xorg/modules/drivers/fbdev_drv.so
[  3633.290] (II) Module fbdev: vendor="X.Org Foundation"
[  3633.290] 	compiled for 1.20.0, module version = 0.5.0
[  3633.290] 	Module class: X.Org Video Driver
[  3633.291] 	ABI class: X.Org Video Driver, version 24.0
[  3633.291] (II) LoadModule: "vesa"
[  3633.291] (II) Loading /usr/lib/xorg/modules/drivers/vesa_drv.so
[  3633.291] (II) Module vesa: vendor="X.Org Foundation"
[  3633.291] 	compiled for 1.20.1, module version = 2.4.0
[  3633.291] 	Module class: X.Org Video Driver
[  3633.291] 	ABI class: X.Org Video Driver, version 24.0
[  3633.291] (II) NOUVEAU driver Date:   Mon Jan 28 23:25:58 2019 -0500
[  3633.291] (II) NOUVEAU driver for NVIDIA chipset families :
[  3633.291] 	RIVA TNT            (NV04)
[  3633.291] 	RIVA TNT2           (NV05)
[  3633.291] 	GeForce 256         (NV10)
[  3633.291] 	GeForce 2           (NV11, NV15)
[  3633.292] 	GeForce 4MX         (NV17, NV18)
[  3633.292] 	GeForce 3           (NV20)
[  3633.292] 	GeForce 4Ti         (NV25, NV28)
[  3633.292] 	GeForce FX          (NV3x)
[  3633.292] 	GeForce 6           (NV4x)
[  3633.292] 	GeForce 7           (G7x)
[  3633.292] 	GeForce 8           (G8x)
[  3633.292] 	GeForce 9           (G9x)
[  3633.292] 	GeForce GTX 2xx/3xx (GT2xx)
[  3633.292] 	GeForce GTX 4xx/5xx (GFxxx)
[  3633.293] 	GeForce GTX 6xx/7xx (GKxxx)
[  3633.293] 	GeForce GTX 9xx     (GMxxx)
[  3633.293] 	GeForce GTX 10xx    (GPxxx)
[  3633.293] (II) modesetting: Driver for Modesetting Kernel Drivers: kms
[  3633.293] (II) FBDEV: driver for framebuffer: fbdev
[  3633.293] (II) VESA: driver for VESA chipsets: vesa
[  3633.293] xf86EnableIOPorts: failed to set IOPL for I/O (Operation not permitted)
[  3633.293] (II) [drm] nouveau interface version: 1.3.1
[  3633.293] (WW) Falling back to old probe method for modesetting
[  3633.293] (WW) Falling back to old probe method for fbdev
[  3633.293] (II) Loading sub module "fbdevhw"
[  3633.293] (II) LoadModule: "fbdevhw"
[  3633.294] (II) Loading /usr/lib/xorg/modules/libfbdevhw.so
[  3633.294] (II) Module fbdevhw: vendor="X.Org Foundation"
[  3633.294] 	compiled for 1.20.4, module version = 0.0.2
[  3633.294] 	ABI class: X.Org Video Driver, version 24.0
[  3633.294] (EE) open /dev/fb0: Permission denied
[  3633.294] (WW) VGA arbiter: cannot open kernel arbiter, no multi-card support
[  3633.294] (II) Loading sub module "dri2"
[  3633.294] (II) LoadModule: "dri2"
[  3633.294] (II) Module "dri2" already built-in
[  3633.294] (--) NOUVEAU(0): Chipset: "NVIDIA NV4B"
[  3633.294] (II) NOUVEAU(0): Creating default Display subsection in Screen section
	"Default Screen Section" for depth/fbbpp 24/32
[  3633.294] (==) NOUVEAU(0): Depth 24, (--) framebuffer bpp 32
[  3633.294] (==) NOUVEAU(0): RGB weight 888
[  3633.294] (==) NOUVEAU(0): Default visual is TrueColor
[  3633.294] (==) NOUVEAU(0): Using HW cursor
[  3633.294] (==) NOUVEAU(0): Allowed maximum DRI level 2.
[  3633.294] (==) NOUVEAU(0): GLX sync to VBlank enabled.
[  3633.294] (==) NOUVEAU(0): Page flipping enabled
[  3633.294] (==) NOUVEAU(0): Swap limit set to 1 [Max allowed 2]
[  3633.294] (==) NOUVEAU(0): Page flipping synced to vblank by kernel.
[  3633.294] (II) NOUVEAU(0): Initializing outputs ...
[  3633.325] (II) NOUVEAU(0): Output VGA-1 has no monitor section
[  3633.366] (II) NOUVEAU(0): Output DVI-I-1 has no monitor section
[  3633.406] (II) NOUVEAU(0): Output TV-1 has no monitor section
[  3633.406] (II) NOUVEAU(0): 3 crtcs needed for screen.
[  3633.407] (II) NOUVEAU(0): Allocated crtc nr. 0 to this screen.
[  3633.407] (II) NOUVEAU(0): Allocated crtc nr. 1 to this screen.
[  3633.437] (II) NOUVEAU(0): EDID for output VGA-1
[  3633.437] (II) NOUVEAU(0): Manufacturer: ACI  Model: 17d5  Serial#: 16843009
[  3633.437] (II) NOUVEAU(0): Year: 2007  Week: 3
[  3633.437] (II) NOUVEAU(0): EDID Version: 1.3
[  3633.437] (II) NOUVEAU(0): Analog Display Input,  Input Voltage Level: 0.700/0.300 V
[  3633.437] (II) NOUVEAU(0): Signal levels configurable
[  3633.437] (II) NOUVEAU(0): Sync:  Separate  Composite
[  3633.437] (II) NOUVEAU(0): Max Image Size [cm]: horiz.: 34  vert.: 27
[  3633.437] (II) NOUVEAU(0): Gamma: 2.20
[  3633.437] (II) NOUVEAU(0): DPMS capabilities: Off; RGB/Color Display
[  3633.437] (II) NOUVEAU(0): Default color space is primary color space
[  3633.437] (II) NOUVEAU(0): First detailed timing is preferred mode
[  3633.437] (II) NOUVEAU(0): GTF timings supported
[  3633.437] (II) NOUVEAU(0): redX: 0.647 redY: 0.332   greenX: 0.284 greenY: 0.608
[  3633.437] (II) NOUVEAU(0): blueX: 0.149 blueY: 0.067   whiteX: 0.313 whiteY: 0.329
[  3633.437] (II) NOUVEAU(0): Supported established timings:
[  3633.437] (II) NOUVEAU(0): 720x400@70Hz
[  3633.437] (II) NOUVEAU(0): 640x480@60Hz
[  3633.437] (II) NOUVEAU(0): 640x480@67Hz
[  3633.437] (II) NOUVEAU(0): 640x480@72Hz
[  3633.437] (II) NOUVEAU(0): 640x480@75Hz
[  3633.437] (II) NOUVEAU(0): 800x600@56Hz
[  3633.437] (II) NOUVEAU(0): 800x600@60Hz
[  3633.437] (II) NOUVEAU(0): 800x600@72Hz
[  3633.437] (II) NOUVEAU(0): 800x600@75Hz
[  3633.438] (II) NOUVEAU(0): 832x624@75Hz
[  3633.438] (II) NOUVEAU(0): 1024x768@60Hz
[  3633.438] (II) NOUVEAU(0): 1024x768@70Hz
[  3633.438] (II) NOUVEAU(0): 1024x768@75Hz
[  3633.438] (II) NOUVEAU(0): 1280x1024@75Hz
[  3633.438] (II) NOUVEAU(0): Manufacturer's mask: 0
[  3633.438] (II) NOUVEAU(0): Supported standard timings:
[  3633.438] (II) NOUVEAU(0): #0: hsize: 1280  vsize 1024  refresh: 60  vid: 32897
[  3633.438] (II) NOUVEAU(0): #1: hsize: 1280  vsize 1024  refresh: 75  vid: 36737
[  3633.438] (II) NOUVEAU(0): Supported detailed timing:
[  3633.438] (II) NOUVEAU(0): clock: 108.0 MHz   Image Size:  338 x 270 mm
[  3633.438] (II) NOUVEAU(0): h_active: 1280  h_sync: 1328  h_sync_end 1440 h_blank_end 1688 h_border: 0
[  3633.438] (II) NOUVEAU(0): v_active: 1024  v_sync: 1025  v_sync_end 1028 v_blanking: 1066 v_border: 0
[  3633.438] (II) NOUVEAU(0): Ranges: V min: 55 V max: 75 Hz, H min: 24 H max: 83 kHz, PixClock max 145 MHz
[  3633.438] (II) NOUVEAU(0):  2nd GTF parameters: f: 64 kHz c: 40 m: 600 k 128 j 20
[  3633.438] (II) NOUVEAU(0): Serial No: 71L9010595
[  3633.438] (II) NOUVEAU(0): Monitor name: ASUS MB17SE
[  3633.438] (II) NOUVEAU(0): EDID (in hex):
[  3633.438] (II) NOUVEAU(0): 	00ffffffffffff000469d51701010101
[  3633.438] (II) NOUVEAU(0): 	031101031c221b782fcf55a555489b26
[  3633.438] (II) NOUVEAU(0): 	115054bfef008180818f010101010101
[  3633.438] (II) NOUVEAU(0): 	010101010101302a009851002a403070
[  3633.438] (II) NOUVEAU(0): 	1300520e1100001e000000fd00374b18
[  3633.438] (II) NOUVEAU(0): 	530e0200205058028028000000ff0037
[  3633.438] (II) NOUVEAU(0): 	314c393031303539350a2020000000fc
[  3633.438] (II) NOUVEAU(0): 	0041535553204d42313753450a200014
[  3633.438] (II) NOUVEAU(0): Printing probed modes for output VGA-1
[  3633.438] (II) NOUVEAU(0): Modeline "1280x1024"x60.0  108.00  1280 1328 1440 1688  1024 1025 1028 1066 +hsync +vsync (64.0 kHz eP)
[  3633.438] (II) NOUVEAU(0): Modeline "1280x1024"x75.0  135.00  1280 1296 1440 1688  1024 1025 1028 1066 +hsync +vsync (80.0 kHz e)
[  3633.438] (II) NOUVEAU(0): Modeline "1280x960"x60.0  108.00  1280 1376 1488 1800  960 961 964 1000 +hsync +vsync (60.0 kHz e)
[  3633.438] (II) NOUVEAU(0): Modeline "1280x800"x74.9  106.50  1280 1360 1488 1696  800 803 809 838 -hsync +vsync (62.8 kHz e)
[  3633.438] (II) NOUVEAU(0): Modeline "1280x800"x59.8   83.50  1280 1352 1480 1680  800 803 809 831 -hsync +vsync (49.7 kHz e)
[  3633.438] (II) NOUVEAU(0): Modeline "1152x864"x75.0  108.00  1152 1216 1344 1600  864 865 868 900 +hsync +vsync (67.5 kHz e)
[  3633.438] (II) NOUVEAU(0): Modeline "1280x768"x74.9  102.25  1280 1360 1488 1696  768 771 778 805 -hsync +vsync (60.3 kHz e)
[  3633.438] (II) NOUVEAU(0): Modeline "1280x768"x59.9   79.50  1280 1344 1472 1664  768 771 778 798 -hsync +vsync (47.8 kHz e)
[  3633.438] (II) NOUVEAU(0): Modeline "1280x720"x60.0   74.25  1280 1390 1430 1650  720 725 730 750 +hsync +vsync (45.0 kHz e)
[  3633.438] (II) NOUVEAU(0): Modeline "1024x768"x75.0   78.75  1024 1040 1136 1312  768 769 772 800 +hsync +vsync (60.0 kHz e)
[  3633.438] (II) NOUVEAU(0): Modeline "1024x768"x70.1   75.00  1024 1048 1184 1328  768 771 777 806 -hsync -vsync (56.5 kHz e)
[  3633.438] (II) NOUVEAU(0): Modeline "1024x768"x60.0   65.00  1024 1048 1184 1344  768 771 777 806 -hsync -vsync (48.4 kHz e)
[  3633.438] (II) NOUVEAU(0): Modeline "1024x576"x60.0   46.97  1024 1064 1168 1312  576 577 580 597 -hsync +vsync (35.8 kHz)
[  3633.438] (II) NOUVEAU(0): Modeline "832x624"x74.6   57.28  832 864 928 1152  624 625 628 667 -hsync -vsync (49.7 kHz e)
[  3633.438] (II) NOUVEAU(0): Modeline "800x600"x72.2   50.00  800 856 976 1040  600 637 643 666 +hsync +vsync (48.1 kHz e)
[  3633.438] (II) NOUVEAU(0): Modeline "800x600"x75.0   49.50  800 816 896 1056  600 601 604 625 +hsync +vsync (46.9 kHz e)
[  3633.438] (II) NOUVEAU(0): Modeline "800x600"x60.3   40.00  800 840 968 1056  600 601 605 628 +hsync +vsync (37.9 kHz e)
[  3633.438] (II) NOUVEAU(0): Modeline "800x600"x56.2   36.00  800 824 896 1024  600 601 603 625 +hsync +vsync (35.2 kHz e)
[  3633.438] (II) NOUVEAU(0): Modeline "848x480"x60.0   33.75  848 864 976 1088  480 486 494 517 +hsync +vsync (31.0 kHz e)
[  3633.438] (II) NOUVEAU(0): Modeline "640x480"x75.0   31.50  640 656 720 840  480 481 484 500 -hsync -vsync (37.5 kHz e)
[  3633.438] (II) NOUVEAU(0): Modeline "640x480"x72.8   31.50  640 664 704 832  480 489 492 520 -hsync -vsync (37.9 kHz e)
[  3633.438] (II) NOUVEAU(0): Modeline "640x480"x66.7   30.24  640 704 768 864  480 483 486 525 -hsync -vsync (35.0 kHz e)
[  3633.438] (II) NOUVEAU(0): Modeline "640x480"x59.9   25.18  640 656 752 800  480 490 492 525 -hsync -vsync (31.5 kHz e)
[  3633.438] (II) NOUVEAU(0): Modeline "720x400"x70.1   28.32  720 738 846 900  400 412 414 449 -hsync +vsync (31.5 kHz e)
[  3633.478] (II) NOUVEAU(0): EDID for output DVI-I-1
[  3633.518] (II) NOUVEAU(0): EDID for output TV-1
[  3633.518] (II) NOUVEAU(0): Output VGA-1 connected
[  3633.518] (II) NOUVEAU(0): Output DVI-I-1 disconnected
[  3633.518] (II) NOUVEAU(0): Output TV-1 disconnected
[  3633.518] (II) NOUVEAU(0): Using exact sizes for initial modes
[  3633.518] (II) NOUVEAU(0): Output VGA-1 using initial mode 1280x1024 +0+0
[  3633.519] (==) NOUVEAU(0): Using gamma correction (1.0, 1.0, 1.0)
[  3633.519] (II) NOUVEAU(0): Virtual size is 1280x1024 (pitch 0)
[  3633.519] (**) NOUVEAU(0):  Driver mode "1280x1024": 108.0 MHz (scaled from 0.0 MHz), 64.0 kHz, 60.0 Hz
[  3633.519] (II) NOUVEAU(0): Modeline "1280x1024"x60.0  108.00  1280 1328 1440 1688  1024 1025 1028 1066 +hsync +vsync (64.0 kHz eP)
[  3633.519] (**) NOUVEAU(0):  Driver mode "1280x1024": 135.0 MHz (scaled from 0.0 MHz), 80.0 kHz, 75.0 Hz
[  3633.519] (II) NOUVEAU(0): Modeline "1280x1024"x75.0  135.00  1280 1296 1440 1688  1024 1025 1028 1066 +hsync +vsync (80.0 kHz e)
[  3633.519] (**) NOUVEAU(0):  Driver mode "1280x960": 108.0 MHz (scaled from 0.0 MHz), 60.0 kHz, 60.0 Hz
[  3633.519] (II) NOUVEAU(0): Modeline "1280x960"x60.0  108.00  1280 1376 1488 1800  960 961 964 1000 +hsync +vsync (60.0 kHz e)
[  3633.519] (**) NOUVEAU(0):  Driver mode "1280x800": 106.5 MHz (scaled from 0.0 MHz), 62.8 kHz, 74.9 Hz
[  3633.519] (II) NOUVEAU(0): Modeline "1280x800"x74.9  106.50  1280 1360 1488 1696  800 803 809 838 -hsync +vsync (62.8 kHz e)
[  3633.519] (**) NOUVEAU(0):  Driver mode "1280x800": 83.5 MHz (scaled from 0.0 MHz), 49.7 kHz, 59.8 Hz
[  3633.519] (II) NOUVEAU(0): Modeline "1280x800"x59.8   83.50  1280 1352 1480 1680  800 803 809 831 -hsync +vsync (49.7 kHz e)
[  3633.519] (**) NOUVEAU(0):  Driver mode "1152x864": 108.0 MHz (scaled from 0.0 MHz), 67.5 kHz, 75.0 Hz
[  3633.519] (II) NOUVEAU(0): Modeline "1152x864"x75.0  108.00  1152 1216 1344 1600  864 865 868 900 +hsync +vsync (67.5 kHz e)
[  3633.519] (**) NOUVEAU(0):  Driver mode "1280x768": 102.2 MHz (scaled from 0.0 MHz), 60.3 kHz, 74.9 Hz
[  3633.519] (II) NOUVEAU(0): Modeline "1280x768"x74.9  102.25  1280 1360 1488 1696  768 771 778 805 -hsync +vsync (60.3 kHz e)
[  3633.519] (**) NOUVEAU(0):  Driver mode "1280x768": 79.5 MHz (scaled from 0.0 MHz), 47.8 kHz, 59.9 Hz
[  3633.519] (II) NOUVEAU(0): Modeline "1280x768"x59.9   79.50  1280 1344 1472 1664  768 771 778 798 -hsync +vsync (47.8 kHz e)
[  3633.519] (**) NOUVEAU(0):  Driver mode "1280x720": 74.2 MHz (scaled from 0.0 MHz), 45.0 kHz, 60.0 Hz
[  3633.519] (II) NOUVEAU(0): Modeline "1280x720"x60.0   74.25  1280 1390 1430 1650  720 725 730 750 +hsync +vsync (45.0 kHz e)
[  3633.519] (**) NOUVEAU(0):  Driver mode "1024x768": 78.8 MHz (scaled from 0.0 MHz), 60.0 kHz, 75.0 Hz
[  3633.519] (II) NOUVEAU(0): Modeline "1024x768"x75.0   78.75  1024 1040 1136 1312  768 769 772 800 +hsync +vsync (60.0 kHz e)
[  3633.519] (**) NOUVEAU(0):  Driver mode "1024x768": 75.0 MHz (scaled from 0.0 MHz), 56.5 kHz, 70.1 Hz
[  3633.519] (II) NOUVEAU(0): Modeline "1024x768"x70.1   75.00  1024 1048 1184 1328  768 771 777 806 -hsync -vsync (56.5 kHz e)
[  3633.519] (**) NOUVEAU(0):  Driver mode "1024x768": 65.0 MHz (scaled from 0.0 MHz), 48.4 kHz, 60.0 Hz
[  3633.519] (II) NOUVEAU(0): Modeline "1024x768"x60.0   65.00  1024 1048 1184 1344  768 771 777 806 -hsync -vsync (48.4 kHz e)
[  3633.519] (**) NOUVEAU(0):  Mode "1024x576": 47.0 MHz (scaled from 0.0 MHz), 35.8 kHz, 60.0 Hz
[  3633.519] (II) NOUVEAU(0): Modeline "1024x576"x60.0   46.97  1024 1064 1168 1312  576 577 580 597 -hsync +vsync (35.8 kHz)
[  3633.519] (**) NOUVEAU(0):  Driver mode "832x624": 57.3 MHz (scaled from 0.0 MHz), 49.7 kHz, 74.6 Hz
[  3633.519] (II) NOUVEAU(0): Modeline "832x624"x74.6   57.28  832 864 928 1152  624 625 628 667 -hsync -vsync (49.7 kHz e)
[  3633.519] (**) NOUVEAU(0):  Driver mode "800x600": 50.0 MHz (scaled from 0.0 MHz), 48.1 kHz, 72.2 Hz
[  3633.519] (II) NOUVEAU(0): Modeline "800x600"x72.2   50.00  800 856 976 1040  600 637 643 666 +hsync +vsync (48.1 kHz e)
[  3633.519] (**) NOUVEAU(0):  Driver mode "800x600": 49.5 MHz (scaled from 0.0 MHz), 46.9 kHz, 75.0 Hz
[  3633.520] (II) NOUVEAU(0): Modeline "800x600"x75.0   49.50  800 816 896 1056  600 601 604 625 +hsync +vsync (46.9 kHz e)
[  3633.520] (**) NOUVEAU(0):  Driver mode "800x600": 40.0 MHz (scaled from 0.0 MHz), 37.9 kHz, 60.3 Hz
[  3633.520] (II) NOUVEAU(0): Modeline "800x600"x60.3   40.00  800 840 968 1056  600 601 605 628 +hsync +vsync (37.9 kHz e)
[  3633.520] (**) NOUVEAU(0):  Driver mode "800x600": 36.0 MHz (scaled from 0.0 MHz), 35.2 kHz, 56.2 Hz
[  3633.520] (II) NOUVEAU(0): Modeline "800x600"x56.2   36.00  800 824 896 1024  600 601 603 625 +hsync +vsync (35.2 kHz e)
[  3633.520] (**) NOUVEAU(0):  Driver mode "848x480": 33.8 MHz (scaled from 0.0 MHz), 31.0 kHz, 60.0 Hz
[  3633.520] (II) NOUVEAU(0): Modeline "848x480"x60.0   33.75  848 864 976 1088  480 486 494 517 +hsync +vsync (31.0 kHz e)
[  3633.520] (**) NOUVEAU(0):  Driver mode "640x480": 31.5 MHz (scaled from 0.0 MHz), 37.5 kHz, 75.0 Hz
[  3633.520] (II) NOUVEAU(0): Modeline "640x480"x75.0   31.50  640 656 720 840  480 481 484 500 -hsync -vsync (37.5 kHz e)
[  3633.520] (**) NOUVEAU(0):  Driver mode "640x480": 31.5 MHz (scaled from 0.0 MHz), 37.9 kHz, 72.8 Hz
[  3633.520] (II) NOUVEAU(0): Modeline "640x480"x72.8   31.50  640 664 704 832  480 489 492 520 -hsync -vsync (37.9 kHz e)
[  3633.520] (**) NOUVEAU(0):  Driver mode "640x480": 30.2 MHz (scaled from 0.0 MHz), 35.0 kHz, 66.7 Hz
[  3633.520] (II) NOUVEAU(0): Modeline "640x480"x66.7   30.24  640 704 768 864  480 483 486 525 -hsync -vsync (35.0 kHz e)
[  3633.520] (**) NOUVEAU(0):  Driver mode "640x480": 25.2 MHz (scaled from 0.0 MHz), 31.5 kHz, 59.9 Hz
[  3633.520] (II) NOUVEAU(0): Modeline "640x480"x59.9   25.18  640 656 752 800  480 490 492 525 -hsync -vsync (31.5 kHz e)
[  3633.520] (**) NOUVEAU(0):  Driver mode "720x400": 28.3 MHz (scaled from 0.0 MHz), 31.5 kHz, 70.1 Hz
[  3633.520] (II) NOUVEAU(0): Modeline "720x400"x70.1   28.32  720 738 846 900  400 412 414 449 -hsync +vsync (31.5 kHz e)
[  3633.520] (==) NOUVEAU(0): DPI set to (96, 96)
[  3633.520] (II) Loading sub module "fb"
[  3633.520] (II) LoadModule: "fb"
[  3633.520] (II) Loading /usr/lib/xorg/modules/libfb.so
[  3633.520] (II) Module fb: vendor="X.Org Foundation"
[  3633.521] 	compiled for 1.20.4, module version = 1.0.0
[  3633.521] 	ABI class: X.Org ANSI C Emulation, version 0.4
[  3633.521] (II) Loading sub module "shadowfb"
[  3633.521] (II) LoadModule: "shadowfb"
[  3633.521] (II) Loading /usr/lib/xorg/modules/libshadowfb.so
[  3633.521] (II) Module shadowfb: vendor="X.Org Foundation"
[  3633.521] 	compiled for 1.20.4, module version = 1.0.0
[  3633.521] 	ABI class: X.Org ANSI C Emulation, version 0.4
[  3633.521] (II) UnloadModule: "modesetting"
[  3633.521] (II) Unloading modesetting
[  3633.521] (II) UnloadModule: "fbdev"
[  3633.521] (II) Unloading fbdev
[  3633.521] (II) UnloadSubModule: "fbdevhw"
[  3633.521] (II) Unloading fbdevhw
[  3633.521] (II) UnloadModule: "vesa"
[  3633.521] (II) Unloading vesa
[  3633.523] (II) NOUVEAU(0): Channel setup complete.
[  3633.523] (II) NOUVEAU(0): Hardware support for Present enabled
[  3633.523] (II) NOUVEAU(0): [DRI2] Setup complete
[  3633.523] (II) NOUVEAU(0): [DRI2]   DRI driver: nouveau
[  3633.523] (II) NOUVEAU(0): [DRI2]   VDPAU driver: nouveau
[  3633.524] (II) Loading sub module "exa"
[  3633.524] (II) LoadModule: "exa"
[  3633.524] (II) Loading /usr/lib/xorg/modules/libexa.so
[  3633.524] (II) Module exa: vendor="X.Org Foundation"
[  3633.524] 	compiled for 1.20.4, module version = 2.6.0
[  3633.524] 	ABI class: X.Org Video Driver, version 24.0
[  3633.524] (II) EXA(0): Driver allocated offscreen pixmaps
[  3633.524] (II) EXA(0): Driver registered support for the following operations:
[  3633.524] (II)         Solid
[  3633.524] (II)         Copy
[  3633.524] (II)         Composite (RENDER acceleration)
[  3633.524] (II)         UploadToScreen
[  3633.524] (II)         DownloadFromScreen
[  3633.524] (==) NOUVEAU(0): Backing store enabled
[  3633.524] (==) NOUVEAU(0): Silken mouse enabled
[  3633.525] (II) NOUVEAU(0): [XvMC] Associated with NV40 texture adapter.
[  3633.525] (II) NOUVEAU(0): [XvMC] Extension initialized.
[  3633.525] (==) NOUVEAU(0): DPMS enabled
[  3633.526] (II) Initializing extension Generic Event Extension
[  3633.526] (II) Initializing extension SHAPE
[  3633.527] (II) Initializing extension MIT-SHM
[  3633.527] (II) Initializing extension XInputExtension
[  3633.528] (II) Initializing extension XTEST
[  3633.529] (II) Initializing extension BIG-REQUESTS
[  3633.529] (II) Initializing extension SYNC
[  3633.530] (II) Initializing extension XKEYBOARD
[  3633.530] (II) Initializing extension XC-MISC
[  3633.531] (II) Initializing extension SECURITY
[  3633.531] (II) Initializing extension XFIXES
[  3633.531] (II) Initializing extension RENDER
[  3633.532] (II) Initializing extension RANDR
[  3633.532] (II) Initializing extension COMPOSITE
[  3633.532] (II) Initializing extension DAMAGE
[  3633.533] (II) Initializing extension MIT-SCREEN-SAVER
[  3633.533] (II) Initializing extension DOUBLE-BUFFER
[  3633.533] (II) Initializing extension RECORD
[  3633.533] (II) Initializing extension DPMS
[  3633.534] (II) Initializing extension Present
[  3633.534] (II) Initializing extension DRI3
[  3633.534] (II) Initializing extension X-Resource
[  3633.534] (II) Initializing extension XVideo
[  3633.534] (II) Initializing extension XVideo-MotionCompensation
[  3633.535] (II) Initializing extension SELinux
[  3633.535] (II) SELinux: Disabled on system
[  3633.535] (II) Initializing extension GLX
[  3633.569] (II) AIGLX: Loaded and initialized nouveau
[  3633.569] (II) GLX: Initialized DRI2 GL provider for screen 0
[  3633.569] (II) Initializing extension XFree86-VidModeExtension
[  3633.569] (II) Initializing extension XFree86-DGA
[  3633.570] (II) Initializing extension XFree86-DRI
[  3633.570] (II) Initializing extension DRI2
[  3633.572] (II) NOUVEAU(0): NVEnterVT is called.
[  3633.572] (II) NOUVEAU(0): Setting screen physical size to 338 x 270
[  3633.572] resize called 1280 1024
[  3633.663] (II) config/udev: Adding input device Power Button (/dev/input/event1)
[  3633.663] (**) Power Button: Applying InputClass "libinput keyboard catchall"
[  3633.663] (II) LoadModule: "libinput"
[  3633.663] (II) Loading /usr/lib/xorg/modules/input/libinput_drv.so
[  3633.671] (II) Module libinput: vendor="X.Org Foundation"
[  3633.671] 	compiled for 1.20.4, module version = 0.28.2
[  3633.671] 	Module class: X.Org XInput Driver
[  3633.671] 	ABI class: X.Org XInput driver, version 24.1
[  3633.671] (II) Using input driver 'libinput' for 'Power Button'
[  3633.673] (II) systemd-logind: got fd for /dev/input/event1 13:65 fd 21 paused 0
[  3633.674] (**) Power Button: always reports core events
[  3633.674] (**) Option "Device" "/dev/input/event1"
[  3633.675] (**) Option "_source" "server/udev"
[  3633.680] (II) event1  - Power Button: is tagged by udev as: Keyboard
[  3633.680] (II) event1  - Power Button: device is a keyboard
[  3633.680] (II) event1  - Power Button: device removed
[  3633.680] (**) Option "config_info" "udev:/sys/devices/LNXSYSTM:00/LNXPWRBN:00/input/input3/event1"
[  3633.680] (II) XINPUT: Adding extended input device "Power Button" (type: KEYBOARD, id 6)
[  3633.680] (**) Option "xkb_model" "pc105"
[  3633.680] (**) Option "xkb_layout" "us"
[  3633.682] (II) event1  - Power Button: is tagged by udev as: Keyboard
[  3633.682] (II) event1  - Power Button: device is a keyboard
[  3633.683] (II) config/udev: Adding input device Power Button (/dev/input/event0)
[  3633.683] (**) Power Button: Applying InputClass "libinput keyboard catchall"
[  3633.683] (II) Using input driver 'libinput' for 'Power Button'
[  3633.685] (II) systemd-logind: got fd for /dev/input/event0 13:64 fd 24 paused 0
[  3633.685] (**) Power Button: always reports core events
[  3633.685] (**) Option "Device" "/dev/input/event0"
[  3633.686] (**) Option "_source" "server/udev"
[  3633.688] (II) event0  - Power Button: is tagged by udev as: Keyboard
[  3633.688] (II) event0  - Power Button: device is a keyboard
[  3633.688] (II) event0  - Power Button: device removed
[  3633.688] (**) Option "config_info" "udev:/sys/devices/LNXSYSTM:00/LNXSYBUS:00/PNP0C0C:00/input/input2/event0"
[  3633.688] (II) XINPUT: Adding extended input device "Power Button" (type: KEYBOARD, id 7)
[  3633.688] (**) Option "xkb_model" "pc105"
[  3633.688] (**) Option "xkb_layout" "us"
[  3633.690] (II) event0  - Power Button: is tagged by udev as: Keyboard
[  3633.690] (II) event0  - Power Button: device is a keyboard
[  3633.692] (II) config/udev: Adding input device HDA Intel Front Mic (/dev/input/event10)
[  3633.692] (II) No input driver specified, ignoring this device.
[  3633.692] (II) This device may have been added with another device file.
[  3633.693] (II) config/udev: Adding input device HDA Intel Rear Mic (/dev/input/event11)
[  3633.693] (II) No input driver specified, ignoring this device.
[  3633.693] (II) This device may have been added with another device file.
[  3633.694] (II) config/udev: Adding input device HDA Intel Line (/dev/input/event12)
[  3633.694] (II) No input driver specified, ignoring this device.
[  3633.694] (II) This device may have been added with another device file.
[  3633.695] (II) config/udev: Adding input device HDA Intel Line Out (/dev/input/event13)
[  3633.695] (II) No input driver specified, ignoring this device.
[  3633.695] (II) This device may have been added with another device file.
[  3633.697] (II) config/udev: Adding input device HDA Intel Front Headphone (/dev/input/event14)
[  3633.697] (II) No input driver specified, ignoring this device.
[  3633.697] (II) This device may have been added with another device file.
[  3633.699] (II) config/udev: Adding input device Telink Wireless Receiver Mouse (/dev/input/event2)
[  3633.699] (**) Telink Wireless Receiver Mouse: Applying InputClass "libinput pointer catchall"
[  3633.699] (II) Using input driver 'libinput' for 'Telink Wireless Receiver Mouse'
[  3633.702] (II) systemd-logind: got fd for /dev/input/event2 13:66 fd 25 paused 0
[  3633.702] (**) Telink Wireless Receiver Mouse: always reports core events
[  3633.702] (**) Option "Device" "/dev/input/event2"
[  3633.702] (**) Option "_source" "server/udev"
[  3633.707] (II) event2  - Telink Wireless Receiver Mouse: is tagged by udev as: Mouse
[  3633.707] (II) event2  - Telink Wireless Receiver Mouse: device is a pointer
[  3633.707] (II) event2  - Telink Wireless Receiver Mouse: device removed
[  3633.708] (**) Option "config_info" "udev:/sys/devices/pci0000:00/0000:00:1d.0/usb1/1-2/1-2:1.0/0003:248A:8366.0001/input/input5/event2"
[  3633.708] (II) XINPUT: Adding extended input device "Telink Wireless Receiver Mouse" (type: MOUSE, id 8)
[  3633.708] (**) Option "AccelerationScheme" "none"
[  3633.708] (**) Telink Wireless Receiver Mouse: (accel) selected scheme none/0
[  3633.708] (**) Telink Wireless Receiver Mouse: (accel) acceleration factor: 2.000
[  3633.708] (**) Telink Wireless Receiver Mouse: (accel) acceleration threshold: 4
[  3633.711] (II) event2  - Telink Wireless Receiver Mouse: is tagged by udev as: Mouse
[  3633.711] (II) event2  - Telink Wireless Receiver Mouse: device is a pointer
[  3633.713] (II) config/udev: Adding input device Telink Wireless Receiver Mouse (/dev/input/mouse0)
[  3633.713] (II) No input driver specified, ignoring this device.
[  3633.713] (II) This device may have been added with another device file.
[  3633.715] (II) config/udev: Adding input device Telink Wireless Receiver Consumer Control (/dev/input/event3)
[  3633.715] (**) Telink Wireless Receiver Consumer Control: Applying InputClass "libinput keyboard catchall"
[  3633.715] (II) Using input driver 'libinput' for 'Telink Wireless Receiver Consumer Control'
[  3633.717] (II) systemd-logind: got fd for /dev/input/event3 13:67 fd 26 paused 0
[  3633.717] (**) Telink Wireless Receiver Consumer Control: always reports core events
[  3633.717] (**) Option "Device" "/dev/input/event3"
[  3633.717] (**) Option "_source" "server/udev"
[  3633.723] (II) event3  - Telink Wireless Receiver Consumer Control: is tagged by udev as: Keyboard
[  3633.723] (II) event3  - Telink Wireless Receiver Consumer Control: device is a keyboard
[  3633.723] (II) event3  - Telink Wireless Receiver Consumer Control: device removed
[  3633.723] (II) libinput: Telink Wireless Receiver Consumer Control: needs a virtual subdevice
[  3633.723] (**) Option "config_info" "udev:/sys/devices/pci0000:00/0000:00:1d.0/usb1/1-2/1-2:1.0/0003:248A:8366.0001/input/input6/event3"
[  3633.723] (II) XINPUT: Adding extended input device "Telink Wireless Receiver Consumer Control" (type: MOUSE, id 9)
[  3633.723] (**) Option "AccelerationScheme" "none"
[  3633.723] (**) Telink Wireless Receiver Consumer Control: (accel) selected scheme none/0
[  3633.723] (**) Telink Wireless Receiver Consumer Control: (accel) acceleration factor: 2.000
[  3633.723] (**) Telink Wireless Receiver Consumer Control: (accel) acceleration threshold: 4
[  3633.728] (II) event3  - Telink Wireless Receiver Consumer Control: is tagged by udev as: Keyboard
[  3633.728] (II) event3  - Telink Wireless Receiver Consumer Control: device is a keyboard
[  3633.731] (II) config/udev: Adding input device Telink Wireless Receiver System Control (/dev/input/event4)
[  3633.731] (**) Telink Wireless Receiver System Control: Applying InputClass "libinput keyboard catchall"
[  3633.731] (II) Using input driver 'libinput' for 'Telink Wireless Receiver System Control'
[  3633.734] (II) systemd-logind: got fd for /dev/input/event4 13:68 fd 27 paused 0
[  3633.734] (**) Telink Wireless Receiver System Control: always reports core events
[  3633.734] (**) Option "Device" "/dev/input/event4"
[  3633.734] (**) Option "_source" "server/udev"
[  3633.739] (II) event4  - Telink Wireless Receiver System Control: is tagged by udev as: Keyboard
[  3633.739] (II) event4  - Telink Wireless Receiver System Control: device is a keyboard
[  3633.739] (II) event4  - Telink Wireless Receiver System Control: device removed
[  3633.739] (**) Option "config_info" "udev:/sys/devices/pci0000:00/0000:00:1d.0/usb1/1-2/1-2:1.0/0003:248A:8366.0001/input/input7/event4"
[  3633.739] (II) XINPUT: Adding extended input device "Telink Wireless Receiver System Control" (type: KEYBOARD, id 10)
[  3633.739] (**) Option "xkb_model" "pc105"
[  3633.739] (**) Option "xkb_layout" "us"
[  3633.744] (II) event4  - Telink Wireless Receiver System Control: is tagged by udev as: Keyboard
[  3633.744] (II) event4  - Telink Wireless Receiver System Control: device is a keyboard
[  3633.747] (II) config/udev: Adding input device dakai PS/2+USB Keyboard (/dev/input/event5)
[  3633.747] (**) dakai PS/2+USB Keyboard: Applying InputClass "libinput keyboard catchall"
[  3633.747] (II) Using input driver 'libinput' for 'dakai PS/2+USB Keyboard'
[  3633.749] (II) systemd-logind: got fd for /dev/input/event5 13:69 fd 28 paused 0
[  3633.749] (**) dakai PS/2+USB Keyboard: always reports core events
[  3633.749] (**) Option "Device" "/dev/input/event5"
[  3633.750] (**) Option "_source" "server/udev"
[  3633.755] (II) event5  - dakai PS/2+USB Keyboard: is tagged by udev as: Keyboard
[  3633.755] (II) event5  - dakai PS/2+USB Keyboard: device is a keyboard
[  3633.755] (II) event5  - dakai PS/2+USB Keyboard: device removed
[  3633.755] (**) Option "config_info" "udev:/sys/devices/pci0000:00/0000:00:1d.3/usb5/5-2/5-2:1.0/0003:0E6A:02C0.0004/input/input19/event5"
[  3633.755] (II) XINPUT: Adding extended input device "dakai PS/2+USB Keyboard" (type: KEYBOARD, id 11)
[  3633.755] (**) Option "xkb_model" "pc105"
[  3633.755] (**) Option "xkb_layout" "us"
[  3633.760] (II) event5  - dakai PS/2+USB Keyboard: is tagged by udev as: Keyboard
[  3633.760] (II) event5  - dakai PS/2+USB Keyboard: device is a keyboard
[  3633.762] (II) config/udev: Adding input device dakai PS/2+USB Keyboard Consumer Control (/dev/input/event6)
[  3633.762] (**) dakai PS/2+USB Keyboard Consumer Control: Applying InputClass "libinput keyboard catchall"
[  3633.762] (II) Using input driver 'libinput' for 'dakai PS/2+USB Keyboard Consumer Control'
[  3633.764] (II) systemd-logind: got fd for /dev/input/event6 13:70 fd 29 paused 0
[  3633.764] (**) dakai PS/2+USB Keyboard Consumer Control: always reports core events
[  3633.764] (**) Option "Device" "/dev/input/event6"
[  3633.764] (**) Option "_source" "server/udev"
[  3633.768] (II) event6  - dakai PS/2+USB Keyboard Consumer Control: is tagged by udev as: Keyboard
[  3633.768] (II) event6  - dakai PS/2+USB Keyboard Consumer Control: device is a keyboard
[  3633.768] (II) event6  - dakai PS/2+USB Keyboard Consumer Control: device removed
[  3633.768] (II) libinput: dakai PS/2+USB Keyboard Consumer Control: needs a virtual subdevice
[  3633.768] (**) Option "config_info" "udev:/sys/devices/pci0000:00/0000:00:1d.3/usb5/5-2/5-2:1.1/0003:0E6A:02C0.0005/input/input20/event6"
[  3633.768] (II) XINPUT: Adding extended input device "dakai PS/2+USB Keyboard Consumer Control" (type: MOUSE, id 12)
[  3633.768] (**) Option "AccelerationScheme" "none"
[  3633.769] (**) dakai PS/2+USB Keyboard Consumer Control: (accel) selected scheme none/0
[  3633.769] (**) dakai PS/2+USB Keyboard Consumer Control: (accel) acceleration factor: 2.000
[  3633.769] (**) dakai PS/2+USB Keyboard Consumer Control: (accel) acceleration threshold: 4
[  3633.773] (II) event6  - dakai PS/2+USB Keyboard Consumer Control: is tagged by udev as: Keyboard
[  3633.773] (II) event6  - dakai PS/2+USB Keyboard Consumer Control: device is a keyboard
[  3633.775] (II) config/udev: Adding input device dakai PS/2+USB Keyboard System Control (/dev/input/event7)
[  3633.775] (**) dakai PS/2+USB Keyboard System Control: Applying InputClass "libinput keyboard catchall"
[  3633.775] (II) Using input driver 'libinput' for 'dakai PS/2+USB Keyboard System Control'
[  3633.778] (II) systemd-logind: got fd for /dev/input/event7 13:71 fd 30 paused 0
[  3633.778] (**) dakai PS/2+USB Keyboard System Control: always reports core events
[  3633.778] (**) Option "Device" "/dev/input/event7"
[  3633.778] (**) Option "_source" "server/udev"
[  3633.783] (II) event7  - dakai PS/2+USB Keyboard System Control: is tagged by udev as: Keyboard
[  3633.783] (II) event7  - dakai PS/2+USB Keyboard System Control: device is a keyboard
[  3633.783] (II) event7  - dakai PS/2+USB Keyboard System Control: device removed
[  3633.783] (**) Option "config_info" "udev:/sys/devices/pci0000:00/0000:00:1d.3/usb5/5-2/5-2:1.1/0003:0E6A:02C0.0005/input/input21/event7"
[  3633.783] (II) XINPUT: Adding extended input device "dakai PS/2+USB Keyboard System Control" (type: KEYBOARD, id 13)
[  3633.783] (**) Option "xkb_model" "pc105"
[  3633.783] (**) Option "xkb_layout" "us"
[  3633.787] (II) event7  - dakai PS/2+USB Keyboard System Control: is tagged by udev as: Keyboard
[  3633.787] (II) event7  - dakai PS/2+USB Keyboard System Control: device is a keyboard
[  3633.789] (II) config/udev: Adding input device dakai PS/2+USB Keyboard Keyboard (/dev/input/event8)
[  3633.789] (**) dakai PS/2+USB Keyboard Keyboard: Applying InputClass "libinput keyboard catchall"
[  3633.789] (II) Using input driver 'libinput' for 'dakai PS/2+USB Keyboard Keyboard'
[  3633.791] (II) systemd-logind: got fd for /dev/input/event8 13:72 fd 31 paused 0
[  3633.791] (**) dakai PS/2+USB Keyboard Keyboard: always reports core events
[  3633.791] (**) Option "Device" "/dev/input/event8"
[  3633.791] (**) Option "_source" "server/udev"
[  3633.814] (II) event8  - dakai PS/2+USB Keyboard Keyboard: is tagged by udev as: Keyboard
[  3633.814] (II) event8  - dakai PS/2+USB Keyboard Keyboard: device is a keyboard
[  3633.814] (II) event8  - dakai PS/2+USB Keyboard Keyboard: device removed
[  3633.814] (**) Option "config_info" "udev:/sys/devices/pci0000:00/0000:00:1d.3/usb5/5-2/5-2:1.1/0003:0E6A:02C0.0005/input/input23/event8"
[  3633.814] (II) XINPUT: Adding extended input device "dakai PS/2+USB Keyboard Keyboard" (type: KEYBOARD, id 14)
[  3633.814] (**) Option "xkb_model" "pc105"
[  3633.814] (**) Option "xkb_layout" "us"
[  3633.818] (II) event8  - dakai PS/2+USB Keyboard Keyboard: is tagged by udev as: Keyboard
[  3633.818] (II) event8  - dakai PS/2+USB Keyboard Keyboard: device is a keyboard
[  3633.819] (II) config/udev: Adding input device PC Speaker (/dev/input/event9)
[  3633.819] (II) No input driver specified, ignoring this device.
[  3633.819] (II) This device may have been added with another device file.
[  3633.830] (**) Telink Wireless Receiver Consumer Control: Applying InputClass "libinput keyboard catchall"
[  3633.830] (II) Using input driver 'libinput' for 'Telink Wireless Receiver Consumer Control'
[  3633.830] (II) systemd-logind: returning pre-existing fd for /dev/input/event3 13:67
[  3633.830] (**) Telink Wireless Receiver Consumer Control: always reports core events
[  3633.830] (**) Option "Device" "/dev/input/event3"
[  3633.830] (**) Option "_source" "_driver/libinput"
[  3633.830] (II) libinput: Telink Wireless Receiver Consumer Control: is a virtual subdevice
[  3633.830] (**) Option "config_info" "udev:/sys/devices/pci0000:00/0000:00:1d.0/usb1/1-2/1-2:1.0/0003:248A:8366.0001/input/input6/event3"
[  3633.830] (II) XINPUT: Adding extended input device "Telink Wireless Receiver Consumer Control" (type: KEYBOARD, id 15)
[  3633.830] (**) Option "xkb_model" "pc105"
[  3633.830] (**) Option "xkb_layout" "us"
[  3633.831] (**) dakai PS/2+USB Keyboard Consumer Control: Applying InputClass "libinput keyboard catchall"
[  3633.831] (II) Using input driver 'libinput' for 'dakai PS/2+USB Keyboard Consumer Control'
[  3633.831] (II) systemd-logind: returning pre-existing fd for /dev/input/event6 13:70
[  3633.831] (**) dakai PS/2+USB Keyboard Consumer Control: always reports core events
[  3633.831] (**) Option "Device" "/dev/input/event6"
[  3633.831] (**) Option "_source" "_driver/libinput"
[  3633.831] (II) libinput: dakai PS/2+USB Keyboard Consumer Control: is a virtual subdevice
[  3633.831] (**) Option "config_info" "udev:/sys/devices/pci0000:00/0000:00:1d.3/usb5/5-2/5-2:1.1/0003:0E6A:02C0.0005/input/input20/event6"
[  3633.831] (II) XINPUT: Adding extended input device "dakai PS/2+USB Keyboard Consumer Control" (type: KEYBOARD, id 16)
[  3633.831] (**) Option "xkb_model" "pc105"
[  3633.831] (**) Option "xkb_layout" "us"
[  3634.179] (II) NOUVEAU(0): EDID vendor "ACI", prod id 6101
[  3634.179] (II) NOUVEAU(0): Using EDID range info for horizontal sync
[  3634.179] (II) NOUVEAU(0): Using EDID range info for vertical refresh
[  3634.179] (II) NOUVEAU(0): Printing DDC gathered Modelines:
[  3634.179] (II) NOUVEAU(0): Modeline "1280x1024"x0.0  108.00  1280 1328 1440 1688  1024 1025 1028 1066 +hsync +vsync (64.0 kHz eP)
[  3634.179] (II) NOUVEAU(0): Modeline "800x600"x0.0   40.00  800 840 968 1056  600 601 605 628 +hsync +vsync (37.9 kHz e)
[  3634.179] (II) NOUVEAU(0): Modeline "800x600"x0.0   36.00  800 824 896 1024  600 601 603 625 +hsync +vsync (35.2 kHz e)
[  3634.179] (II) NOUVEAU(0): Modeline "640x480"x0.0   31.50  640 656 720 840  480 481 484 500 -hsync -vsync (37.5 kHz e)
[  3634.179] (II) NOUVEAU(0): Modeline "640x480"x0.0   31.50  640 664 704 832  480 489 492 520 -hsync -vsync (37.9 kHz e)
[  3634.179] (II) NOUVEAU(0): Modeline "640x480"x0.0   30.24  640 704 768 864  480 483 486 525 -hsync -vsync (35.0 kHz e)
[  3634.179] (II) NOUVEAU(0): Modeline "640x480"x0.0   25.18  640 656 752 800  480 490 492 525 -hsync -vsync (31.5 kHz e)
[  3634.179] (II) NOUVEAU(0): Modeline "720x400"x0.0   28.32  720 738 846 900  400 412 414 449 -hsync +vsync (31.5 kHz e)
[  3634.179] (II) NOUVEAU(0): Modeline "1280x1024"x0.0  135.00  1280 1296 1440 1688  1024 1025 1028 1066 +hsync +vsync (80.0 kHz e)
[  3634.179] (II) NOUVEAU(0): Modeline "1024x768"x0.0   78.75  1024 1040 1136 1312  768 769 772 800 +hsync +vsync (60.0 kHz e)
[  3634.179] (II) NOUVEAU(0): Modeline "1024x768"x0.0   75.00  1024 1048 1184 1328  768 771 777 806 -hsync -vsync (56.5 kHz e)
[  3634.179] (II) NOUVEAU(0): Modeline "1024x768"x0.0   65.00  1024 1048 1184 1344  768 771 777 806 -hsync -vsync (48.4 kHz e)
[  3634.179] (II) NOUVEAU(0): Modeline "832x624"x0.0   57.28  832 864 928 1152  624 625 628 667 -hsync -vsync (49.7 kHz e)
[  3634.179] (II) NOUVEAU(0): Modeline "800x600"x0.0   49.50  800 816 896 1056  600 601 604 625 +hsync +vsync (46.9 kHz e)
[  3634.179] (II) NOUVEAU(0): Modeline "800x600"x0.0   50.00  800 856 976 1040  600 637 643 666 +hsync +vsync (48.1 kHz e)
[  3634.418] (II) NOUVEAU(0): EDID vendor "ACI", prod id 6101
[  3634.418] (II) NOUVEAU(0): Using hsync ranges from config file
[  3634.418] (II) NOUVEAU(0): Using vrefresh ranges from config file
[  3634.418] (II) NOUVEAU(0): Printing DDC gathered Modelines:
[  3634.418] (II) NOUVEAU(0): Modeline "1280x1024"x0.0  108.00  1280 1328 1440 1688  1024 1025 1028 1066 +hsync +vsync (64.0 kHz eP)
[  3634.418] (II) NOUVEAU(0): Modeline "800x600"x0.0   40.00  800 840 968 1056  600 601 605 628 +hsync +vsync (37.9 kHz e)
[  3634.418] (II) NOUVEAU(0): Modeline "800x600"x0.0   36.00  800 824 896 1024  600 601 603 625 +hsync +vsync (35.2 kHz e)
[  3634.418] (II) NOUVEAU(0): Modeline "640x480"x0.0   31.50  640 656 720 840  480 481 484 500 -hsync -vsync (37.5 kHz e)
[  3634.418] (II) NOUVEAU(0): Modeline "640x480"x0.0   31.50  640 664 704 832  480 489 492 520 -hsync -vsync (37.9 kHz e)
[  3634.418] (II) NOUVEAU(0): Modeline "640x480"x0.0   30.24  640 704 768 864  480 483 486 525 -hsync -vsync (35.0 kHz e)
[  3634.418] (II) NOUVEAU(0): Modeline "640x480"x0.0   25.18  640 656 752 800  480 490 492 525 -hsync -vsync (31.5 kHz e)
[  3634.418] (II) NOUVEAU(0): Modeline "720x400"x0.0   28.32  720 738 846 900  400 412 414 449 -hsync +vsync (31.5 kHz e)
[  3634.418] (II) NOUVEAU(0): Modeline "1280x1024"x0.0  135.00  1280 1296 1440 1688  1024 1025 1028 1066 +hsync +vsync (80.0 kHz e)
[  3634.418] (II) NOUVEAU(0): Modeline "1024x768"x0.0   78.75  1024 1040 1136 1312  768 769 772 800 +hsync +vsync (60.0 kHz e)
[  3634.418] (II) NOUVEAU(0): Modeline "1024x768"x0.0   75.00  1024 1048 1184 1328  768 771 777 806 -hsync -vsync (56.5 kHz e)
[  3634.418] (II) NOUVEAU(0): Modeline "1024x768"x0.0   65.00  1024 1048 1184 1344  768 771 777 806 -hsync -vsync (48.4 kHz e)
[  3634.418] (II) NOUVEAU(0): Modeline "832x624"x0.0   57.28  832 864 928 1152  624 625 628 667 -hsync -vsync (49.7 kHz e)
[  3634.418] (II) NOUVEAU(0): Modeline "800x600"x0.0   49.50  800 816 896 1056  600 601 604 625 +hsync +vsync (46.9 kHz e)
[  3634.418] (II) NOUVEAU(0): Modeline "800x600"x0.0   50.00  800 856 976 1040  600 637 643 666 +hsync +vsync (48.1 kHz e)
[  3639.144] (**) Option "fd" "21"
[  3639.144] (II) event1  - Power Button: device removed
[  3639.144] (**) Option "fd" "24"
[  3639.144] (II) event0  - Power Button: device removed
[  3639.144] (**) Option "fd" "25"
[  3639.144] (II) event2  - Telink Wireless Receiver Mouse: device removed
[  3639.144] (**) Option "fd" "26"
[  3639.144] (**) Option "fd" "27"
[  3639.144] (II) event4  - Telink Wireless Receiver System Control: device removed
[  3639.144] (**) Option "fd" "28"
[  3639.144] (II) event5  - dakai PS/2+USB Keyboard: device removed
[  3639.144] (**) Option "fd" "29"
[  3639.144] (**) Option "fd" "30"
[  3639.144] (II) event7  - dakai PS/2+USB Keyboard System Control: device removed
[  3639.144] (**) Option "fd" "31"
[  3639.145] (II) event8  - dakai PS/2+USB Keyboard Keyboard: device removed
[  3639.145] (**) Option "fd" "26"
[  3639.145] (II) event3  - Telink Wireless Receiver Consumer Control: device removed
[  3639.145] (**) Option "fd" "29"
[  3639.145] (II) event6  - dakai PS/2+USB Keyboard Consumer Control: device removed
[  3639.145] (II) UnloadModule: "libinput"
[  3639.145] (II) systemd-logind: not releasing fd for 13:70, still in use
[  3639.146] (II) UnloadModule: "libinput"
[  3639.146] (II) systemd-logind: not releasing fd for 13:67, still in use
[  3639.146] (II) UnloadModule: "libinput"
[  3639.146] (II) systemd-logind: releasing fd for 13:72
[  3639.162] (II) UnloadModule: "libinput"
[  3639.162] (II) systemd-logind: releasing fd for 13:71
[  3639.178] (II) UnloadModule: "libinput"
[  3639.178] (II) systemd-logind: releasing fd for 13:70
[  3639.194] (II) UnloadModule: "libinput"
[  3639.195] (II) systemd-logind: releasing fd for 13:69
[  3639.211] (II) UnloadModule: "libinput"
[  3639.211] (II) systemd-logind: releasing fd for 13:68
[  3639.213] (II) UnloadModule: "libinput"
[  3639.213] (II) systemd-logind: releasing fd for 13:67
[  3639.215] (II) UnloadModule: "libinput"
[  3639.215] (II) systemd-logind: releasing fd for 13:66
[  3639.216] (II) UnloadModule: "libinput"
[  3639.216] (II) systemd-logind: releasing fd for 13:64
[  3639.218] (II) UnloadModule: "libinput"
[  3639.218] (II) systemd-logind: releasing fd for 13:65
[  3639.231] (II) NOUVEAU(0): NVLeaveVT is called.
[  3639.274] (II) Server terminated successfully (0). Closing log file.
